[debug] [2019-08-05T00:37:47.725Z] ----------------------------------------------------------------------
[debug] [2019-08-05T00:37:47.728Z] Command:       /usr/local/bin/node /usr/local/bin/firebase init
[debug] [2019-08-05T00:37:47.728Z] CLI Version:   7.2.2
[debug] [2019-08-05T00:37:47.728Z] Platform:      darwin
[debug] [2019-08-05T00:37:47.728Z] Node Version:  v10.14.1
[debug] [2019-08-05T00:37:47.729Z] Time:          Sun Aug 04 2019 20:37:47 GMT-0400 (Eastern Daylight Time)
[debug] [2019-08-05T00:37:47.729Z] ----------------------------------------------------------------------
[debug] 
[debug] [2019-08-05T00:37:47.737Z] > command requires scopes: ["email","openid","https://www.googleapis.com/auth/cloudplatformprojects.readonly","https://www.googleapis.com/auth/firebase","https://www.googleapis.com/auth/cloud-platform"]
[debug] [2019-08-05T00:37:47.738Z] > authorizing via signed-in user
[info] 
     ######## #### ########  ######## ########     ###     ######  ########
     ##        ##  ##     ## ##       ##     ##  ##   ##  ##       ##
     ######    ##  ########  ######   ########  #########  ######  ######
     ##        ##  ##    ##  ##       ##     ## ##     ##       ## ##
     ##       #### ##     ## ######## ########  ##     ##  ######  ########

You're about to initialize a Firebase project in this directory:

  /Users/mookie.me.you/Desktop/Builds/Portfolio_Template/Portfolio_Site

[debug] [2019-08-10T12:24:56.704Z] TypeError: Cannot read property 'setRawMode' of null
    at ReadStream.setRawMode (tty.js:66:28)
    at Interface._setRawMode (readline.js:251:16)
    at Interface.close (readline.js:376:10)
    at ReadStream.ontermend (readline.js:164:10)
    at ReadStream.emit (events.js:187:15)
    at ReadStream.EventEmitter.emit (domain.js:442:20)
    at endReadableNT (_stream_readable.js:1094:12)
    at process._tickCallback (internal/process/next_tick.js:63:19)
